[INFO] Scanning for projects...
[INFO] 
[INFO] --------------------------< com.example:demo >--------------------------
[INFO] Building Raft3D 0.0.1-SNAPSHOT
[INFO]   from pom.xml
[INFO] --------------------------------[ jar ]---------------------------------
[INFO] 
[INFO] >>> spring-boot:4.0.3:run (default-cli) > test-compile @ demo >>>
[INFO] 
[INFO] --- resources:3.3.1:resources (default-resources) @ demo ---
[INFO] Copying 1 resource from src/main/resources to target/classes
[INFO] Copying 1 resource from src/main/resources to target/classes
[INFO] 
[INFO] --- compiler:3.14.1:compile (default-compile) @ demo ---
[INFO] Recompiling the module because of changed source code.
[INFO] Compiling 18 source files with javac [debug parameters release 21] to target/classes
[INFO] 
[INFO] --- resources:3.3.1:testResources (default-testResources) @ demo ---
[INFO] skip non existing resourceDirectory /Users/adityashankar/Downloads/demo/src/test/resources
[INFO] 
[INFO] --- compiler:3.14.1:testCompile (default-testCompile) @ demo ---
[INFO] Recompiling the module because of changed dependency.
[INFO] Compiling 1 source file with javac [debug parameters release 21] to target/test-classes
[INFO] 
[INFO] <<< spring-boot:4.0.3:run (default-cli) < test-compile @ demo <<<
[INFO] 
[INFO] 
[INFO] --- spring-boot:4.0.3:run (default-cli) @ demo ---
[INFO] Attaching agents: []

  .   ____          _            __ _ _
 /\\ / ___'_ __ _ _(_)_ __  __ _ \ \ \ \
( ( )\___ | '_ | '_| | '_ \/ _` | \ \ \ \
 \\/  ___)| |_)| | | | | || (_| |  ) ) ) )
  '  |____| .__|_| |_|_| |_\__, | / / / /
 =========|_|==============|___/=/_/_/_/

 :: Spring Boot ::                (v4.0.3)

2026-03-10T12:22:39.967+05:30  INFO 5752 --- [Raft3D] [           main] com.example.raftdemo.Raft3DApplication   : Starting Raft3DApplication using Java 21.0.10 with PID 5752 (/Users/adityashankar/Downloads/demo/target/classes started by adityashankar in /Users/adityashankar/Downloads/demo)
2026-03-10T12:22:39.969+05:30  INFO 5752 --- [Raft3D] [           main] com.example.raftdemo.Raft3DApplication   : No active profile set, falling back to 1 default profile: "default"
2026-03-10T12:22:40.390+05:30  INFO 5752 --- [Raft3D] [           main] o.s.boot.tomcat.TomcatWebServer          : Tomcat initialized with port 8080 (http)
2026-03-10T12:22:40.396+05:30  INFO 5752 --- [Raft3D] [           main] o.apache.catalina.core.StandardService   : Starting service [Tomcat]
2026-03-10T12:22:40.396+05:30  INFO 5752 --- [Raft3D] [           main] o.apache.catalina.core.StandardEngine    : Starting Servlet engine: [Apache Tomcat/11.0.18]
2026-03-10T12:22:40.436+05:30  INFO 5752 --- [Raft3D] [           main] b.w.c.s.WebApplicationContextInitializer : Root WebApplicationContext: initialization completed in 448 ms
2026-03-10T12:22:40.715+05:30  INFO 5752 --- [Raft3D] [           main] o.s.b.a.e.web.EndpointLinksResolver      : Exposing 1 endpoint beneath base path '/actuator'
2026-03-10T12:22:40.758+05:30  INFO 5752 --- [Raft3D] [           main] o.s.boot.tomcat.TomcatWebServer          : Tomcat started on port 8080 (http) with context path '/'
2026-03-10T12:22:40.759+05:30  INFO 5752 --- [Raft3D] [           main] o.s.a.r.c.CachingConnectionFactory       : Attempting to connect to: [localhost:5672]
2026-03-10T12:22:40.763+05:30  INFO 5752 --- [Raft3D] [           main] o.s.a.r.l.SimpleMessageListenerContainer : Broker not available; cannot force queue declarations during start: java.net.ConnectException: Connection refused
2026-03-10T12:22:40.765+05:30  INFO 5752 --- [Raft3D] [ntContainer#0-1] o.s.a.r.c.CachingConnectionFactory       : Attempting to connect to: [localhost:5672]
2026-03-10T12:22:40.766+05:30 ERROR 5752 --- [Raft3D] [ntContainer#0-1] o.s.a.r.l.SimpleMessageListenerContainer : Failed to check/redeclare auto-delete queue(s).

org.springframework.amqp.AmqpConnectException: java.net.ConnectException: Connection refused
	at org.springframework.amqp.rabbit.support.RabbitExceptionTranslator.convertRabbitAccessException(RabbitExceptionTranslator.java:60) ~[spring-rabbit-4.0.2.jar:4.0.2]
	at org.springframework.amqp.rabbit.connection.AbstractConnectionFactory.createBareConnection(AbstractConnectionFactory.java:629) ~[spring-rabbit-4.0.2.jar:4.0.2]
	at org.springframework.amqp.rabbit.connection.CachingConnectionFactory.createConnection(CachingConnectionFactory.java:745) ~[spring-rabbit-4.0.2.jar:4.0.2]
	at org.springframework.amqp.rabbit.connection.ConnectionFactoryUtils.createConnection(ConnectionFactoryUtils.java:256) ~[spring-rabbit-4.0.2.jar:4.0.2]
	at org.springframework.amqp.rabbit.core.RabbitTemplate.doExecute(RabbitTemplate.java:2241) ~[spring-rabbit-4.0.2.jar:4.0.2]
	at org.springframework.amqp.rabbit.core.RabbitTemplate.execute(RabbitTemplate.java:2213) ~[spring-rabbit-4.0.2.jar:4.0.2]
	at org.springframework.amqp.rabbit.core.RabbitTemplate.execute(RabbitTemplate.java:2193) ~[spring-rabbit-4.0.2.jar:4.0.2]
	at org.springframework.amqp.rabbit.core.RabbitAdmin.getQueueInfo(RabbitAdmin.java:472) ~[spring-rabbit-4.0.2.jar:4.0.2]
	at org.springframework.amqp.rabbit.core.RabbitAdmin.getQueueProperties(RabbitAdmin.java:456) ~[spring-rabbit-4.0.2.jar:4.0.2]
	at org.springframework.amqp.rabbit.listener.AbstractMessageListenerContainer.attemptDeclarations(AbstractMessageListenerContainer.java:1959) ~[spring-rabbit-4.0.2.jar:4.0.2]
	at org.springframework.amqp.rabbit.listener.AbstractMessageListenerContainer.redeclareElementsIfNecessary(AbstractMessageListenerContainer.java:1923) ~[spring-rabbit-4.0.2.jar:4.0.2]
	at org.springframework.amqp.rabbit.listener.SimpleMessageListenerContainer$AsyncMessageProcessingConsumer.initialize(SimpleMessageListenerContainer.java:1523) ~[spring-rabbit-4.0.2.jar:4.0.2]
	at org.springframework.amqp.rabbit.listener.SimpleMessageListenerContainer$AsyncMessageProcessingConsumer.run(SimpleMessageListenerContainer.java:1356) ~[spring-rabbit-4.0.2.jar:4.0.2]
	at java.base/java.lang.Thread.run(Thread.java:1583) ~[na:na]
Caused by: java.net.ConnectException: Connection refused
	at java.base/sun.nio.ch.Net.pollConnect(Native Method) ~[na:na]
	at java.base/sun.nio.ch.Net.pollConnectNow(Net.java:694) ~[na:na]
	at java.base/sun.nio.ch.NioSocketImpl.timedFinishConnect(NioSocketImpl.java:542) ~[na:na]
	at java.base/sun.nio.ch.NioSocketImpl.connect(NioSocketImpl.java:592) ~[na:na]
	at java.base/java.net.SocksSocketImpl.connect(SocksSocketImpl.java:327) ~[na:na]
	at java.base/java.net.Socket.connect(Socket.java:751) ~[na:na]
	at com.rabbitmq.client.impl.SocketFrameHandlerFactory.create(SocketFrameHandlerFactory.java:61) ~[amqp-client-5.27.1.jar:5.27.1]
	at com.rabbitmq.client.ConnectionFactory.newConnection(ConnectionFactory.java:1355) ~[amqp-client-5.27.1.jar:5.27.1]
	at com.rabbitmq.client.ConnectionFactory.newConnection(ConnectionFactory.java:1297) ~[amqp-client-5.27.1.jar:5.27.1]
	at org.springframework.amqp.rabbit.connection.AbstractConnectionFactory.connectAddresses(AbstractConnectionFactory.java:676) ~[spring-rabbit-4.0.2.jar:4.0.2]
	at org.springframework.amqp.rabbit.connection.AbstractConnectionFactory.connect(AbstractConnectionFactory.java:644) ~[spring-rabbit-4.0.2.jar:4.0.2]
	at org.springframework.amqp.rabbit.connection.AbstractConnectionFactory.createBareConnection(AbstractConnectionFactory.java:590) ~[spring-rabbit-4.0.2.jar:4.0.2]
	... 12 common frames omitted

2026-03-10T12:22:40.769+05:30  INFO 5752 --- [Raft3D] [ntContainer#0-1] o.s.a.r.c.CachingConnectionFactory       : Attempting to connect to: [localhost:5672]
2026-03-10T12:22:40.773+05:30  INFO 5752 --- [Raft3D] [           main] com.example.raftdemo.Raft3DApplication   : Started Raft3DApplication in 0.982 seconds (process running for 1.159)
2026-03-10T12:22:43.578+05:30  INFO 5752 --- [Raft3D] [       Thread-1] c.e.r.service.RaftConsensusService       : Timeout reached. Becoming candidate...
2026-03-10T12:22:43.579+05:30  INFO 5752 --- [Raft3D] [       Thread-1] c.e.r.service.RaftConsensusService       : Node Node1 became CANDIDATE. Requesting votes...
2026-03-10T12:22:43.581+05:30  INFO 5752 --- [Raft3D] [       Thread-1] o.s.a.r.c.CachingConnectionFactory       : Attempting to connect to: [localhost:5672]
Exception in thread "Thread-1" org.springframework.amqp.AmqpConnectException: java.net.ConnectException: Connection refused
	at org.springframework.amqp.rabbit.support.RabbitExceptionTranslator.convertRabbitAccessException(RabbitExceptionTranslator.java:60)
	at org.springframework.amqp.rabbit.connection.AbstractConnectionFactory.createBareConnection(AbstractConnectionFactory.java:629)
	at org.springframework.amqp.rabbit.connection.CachingConnectionFactory.createConnection(CachingConnectionFactory.java:745)
	at org.springframework.amqp.rabbit.connection.ConnectionFactoryUtils.createConnection(ConnectionFactoryUtils.java:256)
	at org.springframework.amqp.rabbit.core.RabbitTemplate.doExecute(RabbitTemplate.java:2241)
	at org.springframework.amqp.rabbit.core.RabbitTemplate.execute(RabbitTemplate.java:2213)
	at org.springframework.amqp.rabbit.core.RabbitTemplate.send(RabbitTemplate.java:1143)
	at org.springframework.amqp.rabbit.core.RabbitTemplate.convertAndSend(RabbitTemplate.java:1212)
	at org.springframework.amqp.rabbit.core.RabbitTemplate.convertAndSend(RabbitTemplate.java:1205)
	at com.example.raftdemo.service.RaftConsensusService.sendHeartbeat(RaftConsensusService.java:65)
	at com.example.raftdemo.service.RaftConsensusService.startElection(RaftConsensusService.java:60)
	at com.example.raftdemo.service.RaftConsensusService.lambda$startElectionTimer$0(RaftConsensusService.java:43)
	at java.base/java.lang.Thread.run(Thread.java:1583)
Caused by: java.net.ConnectException: Connection refused
	at java.base/sun.nio.ch.Net.pollConnect(Native Method)
	at java.base/sun.nio.ch.Net.pollConnectNow(Net.java:694)
	at java.base/sun.nio.ch.NioSocketImpl.timedFinishConnect(NioSocketImpl.java:549)
	at java.base/sun.nio.ch.NioSocketImpl.connect(NioSocketImpl.java:592)
	at java.base/java.net.SocksSocketImpl.connect(SocksSocketImpl.java:327)
	at java.base/java.net.Socket.connect(Socket.java:751)
	at com.rabbitmq.client.impl.SocketFrameHandlerFactory.create(SocketFrameHandlerFactory.java:61)
	at com.rabbitmq.client.ConnectionFactory.newConnection(ConnectionFactory.java:1355)
	at com.rabbitmq.client.ConnectionFactory.newConnection(ConnectionFactory.java:1297)
	at org.springframework.amqp.rabbit.connection.AbstractConnectionFactory.connectAddresses(AbstractConnectionFactory.java:676)
	at org.springframework.amqp.rabbit.connection.AbstractConnectionFactory.connect(AbstractConnectionFactory.java:644)
	at org.springframework.amqp.rabbit.connection.AbstractConnectionFactory.createBareConnection(AbstractConnectionFactory.java:590)
	... 11 more
2026-03-10T12:22:45.857+05:30  WARN 5752 --- [Raft3D] [ntContainer#0-1] o.s.a.r.l.SimpleMessageListenerContainer : Consumer raised exception, processing can restart if the connection factory supports it. Exception summary: org.springframework.amqp.AmqpConnectException: java.net.ConnectException: Connection refused
2026-03-10T12:22:45.862+05:30  INFO 5752 --- [Raft3D] [ntContainer#0-1] o.s.a.r.l.SimpleMessageListenerContainer : Restarting Consumer@6b09ce57: tags=[[]], channel=null, acknowledgeMode=AUTO local queue size=0
2026-03-10T12:22:45.864+05:30  INFO 5752 --- [Raft3D] [ntContainer#0-2] o.s.a.r.c.CachingConnectionFactory       : Attempting to connect to: [localhost:5672]
2026-03-10T12:22:45.865+05:30 ERROR 5752 --- [Raft3D] [ntContainer#0-2] o.s.a.r.l.SimpleMessageListenerContainer : Failed to check/redeclare auto-delete queue(s).
2026-03-10T12:22:45.865+05:30  INFO 5752 --- [Raft3D] [ntContainer#0-2] o.s.a.r.c.CachingConnectionFactory       : Attempting to connect to: [localhost:5672]
2026-03-10T12:22:50.936+05:30  WARN 5752 --- [Raft3D] [ntContainer#0-2] o.s.a.r.l.SimpleMessageListenerContainer : Consumer raised exception, processing can restart if the connection factory supports it. Exception summary: org.springframework.amqp.AmqpConnectException: java.net.ConnectException: Connection refused
2026-03-10T12:22:50.937+05:30  INFO 5752 --- [Raft3D] [ntContainer#0-2] o.s.a.r.l.SimpleMessageListenerContainer : Restarting Consumer@31416d29: tags=[[]], channel=null, acknowledgeMode=AUTO local queue size=0
2026-03-10T12:22:50.939+05:30  INFO 5752 --- [Raft3D] [ntContainer#0-3] o.s.a.r.c.CachingConnectionFactory       : Attempting to connect to: [localhost:5672]
2026-03-10T12:22:50.940+05:30 ERROR 5752 --- [Raft3D] [ntContainer#0-3] o.s.a.r.l.SimpleMessageListenerContainer : Failed to check/redeclare auto-delete queue(s).
2026-03-10T12:22:50.940+05:30  INFO 5752 --- [Raft3D] [ntContainer#0-3] o.s.a.r.c.CachingConnectionFactory       : Attempting to connect to: [localhost:5672]
2026-03-10T12:22:56.031+05:30  WARN 5752 --- [Raft3D] [ntContainer#0-3] o.s.a.r.l.SimpleMessageListenerContainer : Consumer raised exception, processing can restart if the connection factory supports it. Exception summary: org.springframework.amqp.AmqpConnectException: java.net.ConnectException: Connection refused
2026-03-10T12:22:56.032+05:30  INFO 5752 --- [Raft3D] [ntContainer#0-3] o.s.a.r.l.SimpleMessageListenerContainer : Restarting Consumer@364b31f6: tags=[[]], channel=null, acknowledgeMode=AUTO local queue size=0
2026-03-10T12:22:56.034+05:30  INFO 5752 --- [Raft3D] [ntContainer#0-4] o.s.a.r.c.CachingConnectionFactory       : Attempting to connect to: [localhost:5672]
2026-03-10T12:22:56.035+05:30 ERROR 5752 --- [Raft3D] [ntContainer#0-4] o.s.a.r.l.SimpleMessageListenerContainer : Failed to check/redeclare auto-delete queue(s).
2026-03-10T12:22:56.035+05:30  INFO 5752 --- [Raft3D] [ntContainer#0-4] o.s.a.r.c.CachingConnectionFactory       : Attempting to connect to: [localhost:5672]
2026-03-10T12:23:01.128+05:30  WARN 5752 --- [Raft3D] [ntContainer#0-4] o.s.a.r.l.SimpleMessageListenerContainer : Consumer raised exception, processing can restart if the connection factory supports it. Exception summary: org.springframework.amqp.AmqpConnectException: java.net.ConnectException: Connection refused
2026-03-10T12:23:01.129+05:30  INFO 5752 --- [Raft3D] [ntContainer#0-4] o.s.a.r.l.SimpleMessageListenerContainer : Restarting Consumer@654b4796: tags=[[]], channel=null, acknowledgeMode=AUTO local queue size=0
2026-03-10T12:23:01.131+05:30  INFO 5752 --- [Raft3D] [ntContainer#0-5] o.s.a.r.c.CachingConnectionFactory       : Attempting to connect to: [localhost:5672]
2026-03-10T12:23:01.132+05:30 ERROR 5752 --- [Raft3D] [ntContainer#0-5] o.s.a.r.l.SimpleMessageListenerContainer : Failed to check/redeclare auto-delete queue(s).
2026-03-10T12:23:01.133+05:30  INFO 5752 --- [Raft3D] [ntContainer#0-5] o.s.a.r.c.CachingConnectionFactory       : Attempting to connect to: [localhost:5672]
2026-03-10T12:23:06.222+05:30  WARN 5752 --- [Raft3D] [ntContainer#0-5] o.s.a.r.l.SimpleMessageListenerContainer : Consumer raised exception, processing can restart if the connection factory supports it. Exception summary: org.springframework.amqp.AmqpConnectException: java.net.ConnectException: Connection refused
2026-03-10T12:23:06.223+05:30  INFO 5752 --- [Raft3D] [ntContainer#0-5] o.s.a.r.l.SimpleMessageListenerContainer : Restarting Consumer@307322e2: tags=[[]], channel=null, acknowledgeMode=AUTO local queue size=0
2026-03-10T12:23:06.223+05:30  INFO 5752 --- [Raft3D] [ntContainer#0-6] o.s.a.r.c.CachingConnectionFactory       : Attempting to connect to: [localhost:5672]
2026-03-10T12:23:06.224+05:30 ERROR 5752 --- [Raft3D] [ntContainer#0-6] o.s.a.r.l.SimpleMessageListenerContainer : Failed to check/redeclare auto-delete queue(s).
2026-03-10T12:23:06.224+05:30  INFO 5752 --- [Raft3D] [ntContainer#0-6] o.s.a.r.c.CachingConnectionFactory       : Attempting to connect to: [localhost:5672]
2026-03-10T12:23:11.320+05:30  WARN 5752 --- [Raft3D] [ntContainer#0-6] o.s.a.r.l.SimpleMessageListenerContainer : Consumer raised exception, processing can restart if the connection factory supports it. Exception summary: org.springframework.amqp.AmqpConnectException: java.net.ConnectException: Connection refused
2026-03-10T12:23:11.322+05:30  INFO 5752 --- [Raft3D] [ntContainer#0-6] o.s.a.r.l.SimpleMessageListenerContainer : Restarting Consumer@b02f4c6: tags=[[]], channel=null, acknowledgeMode=AUTO local queue size=0
2026-03-10T12:23:11.324+05:30  INFO 5752 --- [Raft3D] [ntContainer#0-7] o.s.a.r.c.CachingConnectionFactory       : Attempting to connect to: [localhost:5672]
2026-03-10T12:23:11.326+05:30 ERROR 5752 --- [Raft3D] [ntContainer#0-7] o.s.a.r.l.SimpleMessageListenerContainer : Failed to check/redeclare auto-delete queue(s).
2026-03-10T12:23:11.326+05:30  INFO 5752 --- [Raft3D] [ntContainer#0-7] o.s.a.r.c.CachingConnectionFactory       : Attempting to connect to: [localhost:5672]
2026-03-10T12:23:16.417+05:30  WARN 5752 --- [Raft3D] [ntContainer#0-7] o.s.a.r.l.SimpleMessageListenerContainer : Consumer raised exception, processing can restart if the connection factory supports it. Exception summary: org.springframework.amqp.AmqpConnectException: java.net.ConnectException: Connection refused
2026-03-10T12:23:16.418+05:30  INFO 5752 --- [Raft3D] [ntContainer#0-7] o.s.a.r.l.SimpleMessageListenerContainer : Restarting Consumer@74feebae: tags=[[]], channel=null, acknowledgeMode=AUTO local queue size=0
2026-03-10T12:23:16.420+05:30  INFO 5752 --- [Raft3D] [ntContainer#0-8] o.s.a.r.c.CachingConnectionFactory       : Attempting to connect to: [localhost:5672]
2026-03-10T12:23:16.421+05:30 ERROR 5752 --- [Raft3D] [ntContainer#0-8] o.s.a.r.l.SimpleMessageListenerContainer : Failed to check/redeclare auto-delete queue(s).
2026-03-10T12:23:16.422+05:30  INFO 5752 --- [Raft3D] [ntContainer#0-8] o.s.a.r.c.CachingConnectionFactory       : Attempting to connect to: [localhost:5672]
2026-03-10T12:23:21.508+05:30  WARN 5752 --- [Raft3D] [ntContainer#0-8] o.s.a.r.l.SimpleMessageListenerContainer : Consumer raised exception, processing can restart if the connection factory supports it. Exception summary: org.springframework.amqp.AmqpConnectException: java.net.ConnectException: Connection refused
2026-03-10T12:23:21.509+05:30  INFO 5752 --- [Raft3D] [ntContainer#0-8] o.s.a.r.l.SimpleMessageListenerContainer : Restarting Consumer@61d65138: tags=[[]], channel=null, acknowledgeMode=AUTO local queue size=0
2026-03-10T12:23:21.511+05:30  INFO 5752 --- [Raft3D] [ntContainer#0-9] o.s.a.r.c.CachingConnectionFactory       : Attempting to connect to: [localhost:5672]
2026-03-10T12:23:21.512+05:30 ERROR 5752 --- [Raft3D] [ntContainer#0-9] o.s.a.r.l.SimpleMessageListenerContainer : Failed to check/redeclare auto-delete queue(s).
2026-03-10T12:23:21.513+05:30  INFO 5752 --- [Raft3D] [ntContainer#0-9] o.s.a.r.c.CachingConnectionFactory       : Attempting to connect to: [localhost:5672]
2026-03-10T12:23:26.622+05:30  WARN 5752 --- [Raft3D] [ntContainer#0-9] o.s.a.r.l.SimpleMessageListenerContainer : Consumer raised exception, processing can restart if the connection factory supports it. Exception summary: org.springframework.amqp.AmqpConnectException: java.net.ConnectException: Connection refused
2026-03-10T12:23:26.623+05:30  INFO 5752 --- [Raft3D] [ntContainer#0-9] o.s.a.r.l.SimpleMessageListenerContainer : Restarting Consumer@12f53bd5: tags=[[]], channel=null, acknowledgeMode=AUTO local queue size=0
2026-03-10T12:23:26.623+05:30  INFO 5752 --- [Raft3D] [tContainer#0-10] o.s.a.r.c.CachingConnectionFactory       : Attempting to connect to: [localhost:5672]
2026-03-10T12:23:26.623+05:30 ERROR 5752 --- [Raft3D] [tContainer#0-10] o.s.a.r.l.SimpleMessageListenerContainer : Failed to check/redeclare auto-delete queue(s).
2026-03-10T12:23:26.623+05:30  INFO 5752 --- [Raft3D] [tContainer#0-10] o.s.a.r.c.CachingConnectionFactory       : Attempting to connect to: [localhost:5672]
2026-03-10T12:23:31.721+05:30  WARN 5752 --- [Raft3D] [tContainer#0-10] o.s.a.r.l.SimpleMessageListenerContainer : Consumer raised exception, processing can restart if the connection factory supports it. Exception summary: org.springframework.amqp.AmqpConnectException: java.net.ConnectException: Connection refused
2026-03-10T12:23:31.721+05:30  INFO 5752 --- [Raft3D] [tContainer#0-10] o.s.a.r.l.SimpleMessageListenerContainer : Restarting Consumer@5b97c3f9: tags=[[]], channel=null, acknowledgeMode=AUTO local queue size=0
2026-03-10T12:23:31.723+05:30  INFO 5752 --- [Raft3D] [tContainer#0-11] o.s.a.r.c.CachingConnectionFactory       : Attempting to connect to: [localhost:5672]
2026-03-10T12:23:31.725+05:30 ERROR 5752 --- [Raft3D] [tContainer#0-11] o.s.a.r.l.SimpleMessageListenerContainer : Failed to check/redeclare auto-delete queue(s).
2026-03-10T12:23:31.725+05:30  INFO 5752 --- [Raft3D] [tContainer#0-11] o.s.a.r.c.CachingConnectionFactory       : Attempting to connect to: [localhost:5672]
2026-03-10T12:23:36.803+05:30  WARN 5752 --- [Raft3D] [tContainer#0-11] o.s.a.r.l.SimpleMessageListenerContainer : Consumer raised exception, processing can restart if the connection factory supports it. Exception summary: org.springframework.amqp.AmqpConnectException: java.net.ConnectException: Connection refused
2026-03-10T12:23:36.804+05:30  INFO 5752 --- [Raft3D] [tContainer#0-11] o.s.a.r.l.SimpleMessageListenerContainer : Restarting Consumer@699b6ad8: tags=[[]], channel=null, acknowledgeMode=AUTO local queue size=0
2026-03-10T12:23:36.806+05:30  INFO 5752 --- [Raft3D] [tContainer#0-12] o.s.a.r.c.CachingConnectionFactory       : Attempting to connect to: [localhost:5672]
2026-03-10T12:23:36.807+05:30 ERROR 5752 --- [Raft3D] [tContainer#0-12] o.s.a.r.l.SimpleMessageListenerContainer : Failed to check/redeclare auto-delete queue(s).
2026-03-10T12:23:36.807+05:30  INFO 5752 --- [Raft3D] [tContainer#0-12] o.s.a.r.c.CachingConnectionFactory       : Attempting to connect to: [localhost:5672]
2026-03-10T12:23:41.889+05:30  WARN 5752 --- [Raft3D] [tContainer#0-12] o.s.a.r.l.SimpleMessageListenerContainer : Consumer raised exception, processing can restart if the connection factory supports it. Exception summary: org.springframework.amqp.AmqpConnectException: java.net.ConnectException: Connection refused
2026-03-10T12:23:41.890+05:30  INFO 5752 --- [Raft3D] [tContainer#0-12] o.s.a.r.l.SimpleMessageListenerContainer : Restarting Consumer@600b4508: tags=[[]], channel=null, acknowledgeMode=AUTO local queue size=0
2026-03-10T12:23:41.891+05:30  INFO 5752 --- [Raft3D] [tContainer#0-13] o.s.a.r.c.CachingConnectionFactory       : Attempting to connect to: [localhost:5672]
2026-03-10T12:23:41.893+05:30 ERROR 5752 --- [Raft3D] [tContainer#0-13] o.s.a.r.l.SimpleMessageListenerContainer : Failed to check/redeclare auto-delete queue(s).
2026-03-10T12:23:41.893+05:30  INFO 5752 --- [Raft3D] [tContainer#0-13] o.s.a.r.c.CachingConnectionFactory       : Attempting to connect to: [localhost:5672]
2026-03-10T12:23:46.982+05:30  WARN 5752 --- [Raft3D] [tContainer#0-13] o.s.a.r.l.SimpleMessageListenerContainer : Consumer raised exception, processing can restart if the connection factory supports it. Exception summary: org.springframework.amqp.AmqpConnectException: java.net.ConnectException: Connection refused
2026-03-10T12:23:46.982+05:30  INFO 5752 --- [Raft3D] [tContainer#0-13] o.s.a.r.l.SimpleMessageListenerContainer : Restarting Consumer@3dffbf6c: tags=[[]], channel=null, acknowledgeMode=AUTO local queue size=0
2026-03-10T12:23:46.984+05:30  INFO 5752 --- [Raft3D] [tContainer#0-14] o.s.a.r.c.CachingConnectionFactory       : Attempting to connect to: [localhost:5672]
2026-03-10T12:23:46.985+05:30 ERROR 5752 --- [Raft3D] [tContainer#0-14] o.s.a.r.l.SimpleMessageListenerContainer : Failed to check/redeclare auto-delete queue(s).
2026-03-10T12:23:46.985+05:30  INFO 5752 --- [Raft3D] [tContainer#0-14] o.s.a.r.c.CachingConnectionFactory       : Attempting to connect to: [localhost:5672]
2026-03-10T12:23:52.073+05:30  WARN 5752 --- [Raft3D] [tContainer#0-14] o.s.a.r.l.SimpleMessageListenerContainer : Consumer raised exception, processing can restart if the connection factory supports it. Exception summary: org.springframework.amqp.AmqpConnectException: java.net.ConnectException: Connection refused
2026-03-10T12:23:52.074+05:30  INFO 5752 --- [Raft3D] [tContainer#0-14] o.s.a.r.l.SimpleMessageListenerContainer : Restarting Consumer@7f877d83: tags=[[]], channel=null, acknowledgeMode=AUTO local queue size=0
2026-03-10T12:23:52.075+05:30  INFO 5752 --- [Raft3D] [tContainer#0-15] o.s.a.r.c.CachingConnectionFactory       : Attempting to connect to: [localhost:5672]
2026-03-10T12:23:52.077+05:30 ERROR 5752 --- [Raft3D] [tContainer#0-15] o.s.a.r.l.SimpleMessageListenerContainer : Failed to check/redeclare auto-delete queue(s).
2026-03-10T12:23:52.077+05:30  INFO 5752 --- [Raft3D] [tContainer#0-15] o.s.a.r.c.CachingConnectionFactory       : Attempting to connect to: [localhost:5672]
2026-03-10T12:23:57.170+05:30  WARN 5752 --- [Raft3D] [tContainer#0-15] o.s.a.r.l.SimpleMessageListenerContainer : Consumer raised exception, processing can restart if the connection factory supports it. Exception summary: org.springframework.amqp.AmqpConnectException: java.net.ConnectException: Connection refused
2026-03-10T12:23:57.171+05:30  INFO 5752 --- [Raft3D] [tContainer#0-15] o.s.a.r.l.SimpleMessageListenerContainer : Restarting Consumer@7bc2239: tags=[[]], channel=null, acknowledgeMode=AUTO local queue size=0
2026-03-10T12:23:57.173+05:30  INFO 5752 --- [Raft3D] [tContainer#0-16] o.s.a.r.c.CachingConnectionFactory       : Attempting to connect to: [localhost:5672]
2026-03-10T12:23:57.174+05:30 ERROR 5752 --- [Raft3D] [tContainer#0-16] o.s.a.r.l.SimpleMessageListenerContainer : Failed to check/redeclare auto-delete queue(s).
2026-03-10T12:23:57.175+05:30  INFO 5752 --- [Raft3D] [tContainer#0-16] o.s.a.r.c.CachingConnectionFactory       : Attempting to connect to: [localhost:5672]
2026-03-10T12:24:02.269+05:30  WARN 5752 --- [Raft3D] [tContainer#0-16] o.s.a.r.l.SimpleMessageListenerContainer : Consumer raised exception, processing can restart if the connection factory supports it. Exception summary: org.springframework.amqp.AmqpConnectException: java.net.ConnectException: Connection refused
2026-03-10T12:24:02.269+05:30  INFO 5752 --- [Raft3D] [tContainer#0-16] o.s.a.r.l.SimpleMessageListenerContainer : Restarting Consumer@4714a6fc: tags=[[]], channel=null, acknowledgeMode=AUTO local queue size=0
2026-03-10T12:24:02.272+05:30  INFO 5752 --- [Raft3D] [tContainer#0-17] o.s.a.r.c.CachingConnectionFactory       : Attempting to connect to: [localhost:5672]
2026-03-10T12:24:02.273+05:30 ERROR 5752 --- [Raft3D] [tContainer#0-17] o.s.a.r.l.SimpleMessageListenerContainer : Failed to check/redeclare auto-delete queue(s).
2026-03-10T12:24:02.273+05:30  INFO 5752 --- [Raft3D] [tContainer#0-17] o.s.a.r.c.CachingConnectionFactory       : Attempting to connect to: [localhost:5672]
2026-03-10T12:24:07.350+05:30  WARN 5752 --- [Raft3D] [tContainer#0-17] o.s.a.r.l.SimpleMessageListenerContainer : Consumer raised exception, processing can restart if the connection factory supports it. Exception summary: org.springframework.amqp.AmqpConnectException: java.net.ConnectException: Connection refused
2026-03-10T12:24:07.351+05:30  INFO 5752 --- [Raft3D] [tContainer#0-17] o.s.a.r.l.SimpleMessageListenerContainer : Restarting Consumer@44419864: tags=[[]], channel=null, acknowledgeMode=AUTO local queue size=0
2026-03-10T12:24:07.352+05:30  INFO 5752 --- [Raft3D] [tContainer#0-18] o.s.a.r.c.CachingConnectionFactory       : Attempting to connect to: [localhost:5672]
2026-03-10T12:24:07.353+05:30 ERROR 5752 --- [Raft3D] [tContainer#0-18] o.s.a.r.l.SimpleMessageListenerContainer : Failed to check/redeclare auto-delete queue(s).
2026-03-10T12:24:07.353+05:30  INFO 5752 --- [Raft3D] [tContainer#0-18] o.s.a.r.c.CachingConnectionFactory       : Attempting to connect to: [localhost:5672]
2026-03-10T12:24:12.432+05:30  WARN 5752 --- [Raft3D] [tContainer#0-18] o.s.a.r.l.SimpleMessageListenerContainer : Consumer raised exception, processing can restart if the connection factory supports it. Exception summary: org.springframework.amqp.AmqpConnectException: java.net.ConnectException: Connection refused
2026-03-10T12:24:12.433+05:30  INFO 5752 --- [Raft3D] [tContainer#0-18] o.s.a.r.l.SimpleMessageListenerContainer : Restarting Consumer@6a04469a: tags=[[]], channel=null, acknowledgeMode=AUTO local queue size=0
2026-03-10T12:24:12.435+05:30  INFO 5752 --- [Raft3D] [tContainer#0-19] o.s.a.r.c.CachingConnectionFactory       : Attempting to connect to: [localhost:5672]
2026-03-10T12:24:12.437+05:30 ERROR 5752 --- [Raft3D] [tContainer#0-19] o.s.a.r.l.SimpleMessageListenerContainer : Failed to check/redeclare auto-delete queue(s).
2026-03-10T12:24:12.437+05:30  INFO 5752 --- [Raft3D] [tContainer#0-19] o.s.a.r.c.CachingConnectionFactory       : Attempting to connect to: [localhost:5672]
2026-03-10T12:24:17.527+05:30  WARN 5752 --- [Raft3D] [tContainer#0-19] o.s.a.r.l.SimpleMessageListenerContainer : Consumer raised exception, processing can restart if the connection factory supports it. Exception summary: org.springframework.amqp.AmqpConnectException: java.net.ConnectException: Connection refused
2026-03-10T12:24:17.528+05:30  INFO 5752 --- [Raft3D] [tContainer#0-19] o.s.a.r.l.SimpleMessageListenerContainer : Restarting Consumer@3ddd0941: tags=[[]], channel=null, acknowledgeMode=AUTO local queue size=0
2026-03-10T12:24:17.530+05:30  INFO 5752 --- [Raft3D] [tContainer#0-20] o.s.a.r.c.CachingConnectionFactory       : Attempting to connect to: [localhost:5672]
2026-03-10T12:24:17.531+05:30 ERROR 5752 --- [Raft3D] [tContainer#0-20] o.s.a.r.l.SimpleMessageListenerContainer : Failed to check/redeclare auto-delete queue(s).
2026-03-10T12:24:17.532+05:30  INFO 5752 --- [Raft3D] [tContainer#0-20] o.s.a.r.c.CachingConnectionFactory       : Attempting to connect to: [localhost:5672]
2026-03-10T12:24:22.612+05:30  WARN 5752 --- [Raft3D] [tContainer#0-20] o.s.a.r.l.SimpleMessageListenerContainer : Consumer raised exception, processing can restart if the connection factory supports it. Exception summary: org.springframework.amqp.AmqpConnectException: java.net.ConnectException: Connection refused
2026-03-10T12:24:22.612+05:30  INFO 5752 --- [Raft3D] [tContainer#0-20] o.s.a.r.l.SimpleMessageListenerContainer : Restarting Consumer@7823f7ec: tags=[[]], channel=null, acknowledgeMode=AUTO local queue size=0
2026-03-10T12:24:22.615+05:30  INFO 5752 --- [Raft3D] [tContainer#0-21] o.s.a.r.c.CachingConnectionFactory       : Attempting to connect to: [localhost:5672]
2026-03-10T12:24:22.616+05:30 ERROR 5752 --- [Raft3D] [tContainer#0-21] o.s.a.r.l.SimpleMessageListenerContainer : Failed to check/redeclare auto-delete queue(s).
2026-03-10T12:24:22.616+05:30  INFO 5752 --- [Raft3D] [tContainer#0-21] o.s.a.r.c.CachingConnectionFactory       : Attempting to connect to: [localhost:5672]
2026-03-10T12:24:27.704+05:30  WARN 5752 --- [Raft3D] [tContainer#0-21] o.s.a.r.l.SimpleMessageListenerContainer : Consumer raised exception, processing can restart if the connection factory supports it. Exception summary: org.springframework.amqp.AmqpConnectException: java.net.ConnectException: Connection refused
2026-03-10T12:24:27.704+05:30  INFO 5752 --- [Raft3D] [tContainer#0-21] o.s.a.r.l.SimpleMessageListenerContainer : Restarting Consumer@72a489df: tags=[[]], channel=null, acknowledgeMode=AUTO local queue size=0
2026-03-10T12:24:27.705+05:30  INFO 5752 --- [Raft3D] [tContainer#0-22] o.s.a.r.c.CachingConnectionFactory       : Attempting to connect to: [localhost:5672]
2026-03-10T12:24:27.705+05:30 ERROR 5752 --- [Raft3D] [tContainer#0-22] o.s.a.r.l.SimpleMessageListenerContainer : Failed to check/redeclare auto-delete queue(s).
2026-03-10T12:24:27.705+05:30  INFO 5752 --- [Raft3D] [tContainer#0-22] o.s.a.r.c.CachingConnectionFactory       : Attempting to connect to: [localhost:5672]
2026-03-10T12:24:32.800+05:30  WARN 5752 --- [Raft3D] [tContainer#0-22] o.s.a.r.l.SimpleMessageListenerContainer : Consumer raised exception, processing can restart if the connection factory supports it. Exception summary: org.springframework.amqp.AmqpConnectException: java.net.ConnectException: Connection refused
2026-03-10T12:24:32.800+05:30  INFO 5752 --- [Raft3D] [tContainer#0-22] o.s.a.r.l.SimpleMessageListenerContainer : Restarting Consumer@7386babc: tags=[[]], channel=null, acknowledgeMode=AUTO local queue size=0
2026-03-10T12:24:32.802+05:30  INFO 5752 --- [Raft3D] [tContainer#0-23] o.s.a.r.c.CachingConnectionFactory       : Attempting to connect to: [localhost:5672]
2026-03-10T12:24:32.803+05:30 ERROR 5752 --- [Raft3D] [tContainer#0-23] o.s.a.r.l.SimpleMessageListenerContainer : Failed to check/redeclare auto-delete queue(s).
2026-03-10T12:24:32.803+05:30  INFO 5752 --- [Raft3D] [tContainer#0-23] o.s.a.r.c.CachingConnectionFactory       : Attempting to connect to: [localhost:5672]
2026-03-10T12:24:37.895+05:30  WARN 5752 --- [Raft3D] [tContainer#0-23] o.s.a.r.l.SimpleMessageListenerContainer : Consumer raised exception, processing can restart if the connection factory supports it. Exception summary: org.springframework.amqp.AmqpConnectException: java.net.ConnectException: Connection refused
2026-03-10T12:24:37.895+05:30  INFO 5752 --- [Raft3D] [tContainer#0-23] o.s.a.r.l.SimpleMessageListenerContainer : Restarting Consumer@41fcf25b: tags=[[]], channel=null, acknowledgeMode=AUTO local queue size=0
2026-03-10T12:24:37.898+05:30  INFO 5752 --- [Raft3D] [tContainer#0-24] o.s.a.r.c.CachingConnectionFactory       : Attempting to connect to: [localhost:5672]
2026-03-10T12:24:37.899+05:30 ERROR 5752 --- [Raft3D] [tContainer#0-24] o.s.a.r.l.SimpleMessageListenerContainer : Failed to check/redeclare auto-delete queue(s).
2026-03-10T12:24:37.899+05:30  INFO 5752 --- [Raft3D] [tContainer#0-24] o.s.a.r.c.CachingConnectionFactory       : Attempting to connect to: [localhost:5672]
2026-03-10T12:24:42.995+05:30  WARN 5752 --- [Raft3D] [tContainer#0-24] o.s.a.r.l.SimpleMessageListenerContainer : Consumer raised exception, processing can restart if the connection factory supports it. Exception summary: org.springframework.amqp.AmqpConnectException: java.net.ConnectException: Connection refused
2026-03-10T12:24:42.995+05:30  INFO 5752 --- [Raft3D] [tContainer#0-24] o.s.a.r.l.SimpleMessageListenerContainer : Restarting Consumer@41e5a943: tags=[[]], channel=null, acknowledgeMode=AUTO local queue size=0
2026-03-10T12:24:42.998+05:30  INFO 5752 --- [Raft3D] [tContainer#0-25] o.s.a.r.c.CachingConnectionFactory       : Attempting to connect to: [localhost:5672]
2026-03-10T12:24:42.999+05:30 ERROR 5752 --- [Raft3D] [tContainer#0-25] o.s.a.r.l.SimpleMessageListenerContainer : Failed to check/redeclare auto-delete queue(s).
2026-03-10T12:24:42.999+05:30  INFO 5752 --- [Raft3D] [tContainer#0-25] o.s.a.r.c.CachingConnectionFactory       : Attempting to connect to: [localhost:5672]
2026-03-10T12:24:48.099+05:30  WARN 5752 --- [Raft3D] [tContainer#0-25] o.s.a.r.l.SimpleMessageListenerContainer : Consumer raised exception, processing can restart if the connection factory supports it. Exception summary: org.springframework.amqp.AmqpConnectException: java.net.ConnectException: Connection refused
2026-03-10T12:24:48.099+05:30  INFO 5752 --- [Raft3D] [tContainer#0-25] o.s.a.r.l.SimpleMessageListenerContainer : Restarting Consumer@506515b5: tags=[[]], channel=null, acknowledgeMode=AUTO local queue size=0
2026-03-10T12:24:48.101+05:30  INFO 5752 --- [Raft3D] [tContainer#0-26] o.s.a.r.c.CachingConnectionFactory       : Attempting to connect to: [localhost:5672]
2026-03-10T12:24:48.101+05:30 ERROR 5752 --- [Raft3D] [tContainer#0-26] o.s.a.r.l.SimpleMessageListenerContainer : Failed to check/redeclare auto-delete queue(s).
2026-03-10T12:24:48.101+05:30  INFO 5752 --- [Raft3D] [tContainer#0-26] o.s.a.r.c.CachingConnectionFactory       : Attempting to connect to: [localhost:5672]
2026-03-10T12:24:53.183+05:30  WARN 5752 --- [Raft3D] [tContainer#0-26] o.s.a.r.l.SimpleMessageListenerContainer : Consumer raised exception, processing can restart if the connection factory supports it. Exception summary: org.springframework.amqp.AmqpConnectException: java.net.ConnectException: Connection refused
2026-03-10T12:24:53.183+05:30  INFO 5752 --- [Raft3D] [tContainer#0-26] o.s.a.r.l.SimpleMessageListenerContainer : Restarting Consumer@248ce062: tags=[[]], channel=null, acknowledgeMode=AUTO local queue size=0
2026-03-10T12:24:53.186+05:30  INFO 5752 --- [Raft3D] [tContainer#0-27] o.s.a.r.c.CachingConnectionFactory       : Attempting to connect to: [localhost:5672]
2026-03-10T12:24:53.187+05:30 ERROR 5752 --- [Raft3D] [tContainer#0-27] o.s.a.r.l.SimpleMessageListenerContainer : Failed to check/redeclare auto-delete queue(s).
2026-03-10T12:24:53.187+05:30  INFO 5752 --- [Raft3D] [tContainer#0-27] o.s.a.r.c.CachingConnectionFactory       : Attempting to connect to: [localhost:5672]
2026-03-10T12:24:58.286+05:30  WARN 5752 --- [Raft3D] [tContainer#0-27] o.s.a.r.l.SimpleMessageListenerContainer : Consumer raised exception, processing can restart if the connection factory supports it. Exception summary: org.springframework.amqp.AmqpConnectException: java.net.ConnectException: Connection refused
2026-03-10T12:24:58.287+05:30  INFO 5752 --- [Raft3D] [tContainer#0-27] o.s.a.r.l.SimpleMessageListenerContainer : Restarting Consumer@4712503b: tags=[[]], channel=null, acknowledgeMode=AUTO local queue size=0
2026-03-10T12:24:58.288+05:30  INFO 5752 --- [Raft3D] [tContainer#0-28] o.s.a.r.c.CachingConnectionFactory       : Attempting to connect to: [localhost:5672]
2026-03-10T12:24:58.289+05:30 ERROR 5752 --- [Raft3D] [tContainer#0-28] o.s.a.r.l.SimpleMessageListenerContainer : Failed to check/redeclare auto-delete queue(s).
2026-03-10T12:24:58.289+05:30  INFO 5752 --- [Raft3D] [tContainer#0-28] o.s.a.r.c.CachingConnectionFactory       : Attempting to connect to: [localhost:5672]
2026-03-10T12:25:03.372+05:30  WARN 5752 --- [Raft3D] [tContainer#0-28] o.s.a.r.l.SimpleMessageListenerContainer : Consumer raised exception, processing can restart if the connection factory supports it. Exception summary: org.springframework.amqp.AmqpConnectException: java.net.ConnectException: Connection refused
2026-03-10T12:25:03.374+05:30  INFO 5752 --- [Raft3D] [tContainer#0-28] o.s.a.r.l.SimpleMessageListenerContainer : Restarting Consumer@72ac4f86: tags=[[]], channel=null, acknowledgeMode=AUTO local queue size=0
2026-03-10T12:25:03.376+05:30  INFO 5752 --- [Raft3D] [tContainer#0-29] o.s.a.r.c.CachingConnectionFactory       : Attempting to connect to: [localhost:5672]
2026-03-10T12:25:03.377+05:30 ERROR 5752 --- [Raft3D] [tContainer#0-29] o.s.a.r.l.SimpleMessageListenerContainer : Failed to check/redeclare auto-delete queue(s).
2026-03-10T12:25:03.377+05:30  INFO 5752 --- [Raft3D] [tContainer#0-29] o.s.a.r.c.CachingConnectionFactory       : Attempting to connect to: [localhost:5672]
2026-03-10T12:25:08.463+05:30  WARN 5752 --- [Raft3D] [tContainer#0-29] o.s.a.r.l.SimpleMessageListenerContainer : Consumer raised exception, processing can restart if the connection factory supports it. Exception summary: org.springframework.amqp.AmqpConnectException: java.net.ConnectException: Connection refused
2026-03-10T12:25:08.464+05:30  INFO 5752 --- [Raft3D] [tContainer#0-29] o.s.a.r.l.SimpleMessageListenerContainer : Restarting Consumer@7ade9114: tags=[[]], channel=null, acknowledgeMode=AUTO local queue size=0
2026-03-10T12:25:08.465+05:30  INFO 5752 --- [Raft3D] [tContainer#0-30] o.s.a.r.c.CachingConnectionFactory       : Attempting to connect to: [localhost:5672]
2026-03-10T12:25:08.466+05:30 ERROR 5752 --- [Raft3D] [tContainer#0-30] o.s.a.r.l.SimpleMessageListenerContainer : Failed to check/redeclare auto-delete queue(s).
2026-03-10T12:25:08.467+05:30  INFO 5752 --- [Raft3D] [tContainer#0-30] o.s.a.r.c.CachingConnectionFactory       : Attempting to connect to: [localhost:5672]
2026-03-10T12:25:13.547+05:30  WARN 5752 --- [Raft3D] [tContainer#0-30] o.s.a.r.l.SimpleMessageListenerContainer : Consumer raised exception, processing can restart if the connection factory supports it. Exception summary: org.springframework.amqp.AmqpConnectException: java.net.ConnectException: Connection refused
2026-03-10T12:25:13.547+05:30  INFO 5752 --- [Raft3D] [tContainer#0-30] o.s.a.r.l.SimpleMessageListenerContainer : Restarting Consumer@49fb33ae: tags=[[]], channel=null, acknowledgeMode=AUTO local queue size=0
2026-03-10T12:25:13.550+05:30  INFO 5752 --- [Raft3D] [tContainer#0-31] o.s.a.r.c.CachingConnectionFactory       : Attempting to connect to: [localhost:5672]
2026-03-10T12:25:13.551+05:30 ERROR 5752 --- [Raft3D] [tContainer#0-31] o.s.a.r.l.SimpleMessageListenerContainer : Failed to check/redeclare auto-delete queue(s).
2026-03-10T12:25:13.551+05:30  INFO 5752 --- [Raft3D] [tContainer#0-31] o.s.a.r.c.CachingConnectionFactory       : Attempting to connect to: [localhost:5672]
2026-03-10T12:25:18.631+05:30  WARN 5752 --- [Raft3D] [tContainer#0-31] o.s.a.r.l.SimpleMessageListenerContainer : Consumer raised exception, processing can restart if the connection factory supports it. Exception summary: org.springframework.amqp.AmqpConnectException: java.net.ConnectException: Connection refused
2026-03-10T12:25:18.631+05:30  INFO 5752 --- [Raft3D] [tContainer#0-31] o.s.a.r.l.SimpleMessageListenerContainer : Restarting Consumer@5c91f3a9: tags=[[]], channel=null, acknowledgeMode=AUTO local queue size=0
2026-03-10T12:25:18.633+05:30  INFO 5752 --- [Raft3D] [tContainer#0-32] o.s.a.r.c.CachingConnectionFactory       : Attempting to connect to: [localhost:5672]
2026-03-10T12:25:18.635+05:30 ERROR 5752 --- [Raft3D] [tContainer#0-32] o.s.a.r.l.SimpleMessageListenerContainer : Failed to check/redeclare auto-delete queue(s).
2026-03-10T12:25:18.635+05:30  INFO 5752 --- [Raft3D] [tContainer#0-32] o.s.a.r.c.CachingConnectionFactory       : Attempting to connect to: [localhost:5672]
2026-03-10T12:25:23.724+05:30  WARN 5752 --- [Raft3D] [tContainer#0-32] o.s.a.r.l.SimpleMessageListenerContainer : Consumer raised exception, processing can restart if the connection factory supports it. Exception summary: org.springframework.amqp.AmqpConnectException: java.net.ConnectException: Connection refused
2026-03-10T12:25:23.724+05:30  INFO 5752 --- [Raft3D] [tContainer#0-32] o.s.a.r.l.SimpleMessageListenerContainer : Restarting Consumer@58d8efe9: tags=[[]], channel=null, acknowledgeMode=AUTO local queue size=0
2026-03-10T12:25:23.726+05:30  INFO 5752 --- [Raft3D] [tContainer#0-33] o.s.a.r.c.CachingConnectionFactory       : Attempting to connect to: [localhost:5672]
2026-03-10T12:25:23.728+05:30 ERROR 5752 --- [Raft3D] [tContainer#0-33] o.s.a.r.l.SimpleMessageListenerContainer : Failed to check/redeclare auto-delete queue(s).
2026-03-10T12:25:23.728+05:30  INFO 5752 --- [Raft3D] [tContainer#0-33] o.s.a.r.c.CachingConnectionFactory       : Attempting to connect to: [localhost:5672]
2026-03-10T12:25:28.814+05:30  WARN 5752 --- [Raft3D] [tContainer#0-33] o.s.a.r.l.SimpleMessageListenerContainer : Consumer raised exception, processing can restart if the connection factory supports it. Exception summary: org.springframework.amqp.AmqpConnectException: java.net.ConnectException: Connection refused
2026-03-10T12:25:28.815+05:30  INFO 5752 --- [Raft3D] [tContainer#0-33] o.s.a.r.l.SimpleMessageListenerContainer : Restarting Consumer@6f56e145: tags=[[]], channel=null, acknowledgeMode=AUTO local queue size=0
2026-03-10T12:25:28.816+05:30  INFO 5752 --- [Raft3D] [tContainer#0-34] o.s.a.r.c.CachingConnectionFactory       : Attempting to connect to: [localhost:5672]
2026-03-10T12:25:28.817+05:30 ERROR 5752 --- [Raft3D] [tContainer#0-34] o.s.a.r.l.SimpleMessageListenerContainer : Failed to check/redeclare auto-delete queue(s).
2026-03-10T12:25:28.817+05:30  INFO 5752 --- [Raft3D] [tContainer#0-34] o.s.a.r.c.CachingConnectionFactory       : Attempting to connect to: [localhost:5672]
2026-03-10T12:25:33.911+05:30  WARN 5752 --- [Raft3D] [tContainer#0-34] o.s.a.r.l.SimpleMessageListenerContainer : Consumer raised exception, processing can restart if the connection factory supports it. Exception summary: org.springframework.amqp.AmqpConnectException: java.net.ConnectException: Connection refused
2026-03-10T12:25:33.912+05:30  INFO 5752 --- [Raft3D] [tContainer#0-34] o.s.a.r.l.SimpleMessageListenerContainer : Restarting Consumer@50b6d0ab: tags=[[]], channel=null, acknowledgeMode=AUTO local queue size=0
2026-03-10T12:25:33.914+05:30  INFO 5752 --- [Raft3D] [tContainer#0-35] o.s.a.r.c.CachingConnectionFactory       : Attempting to connect to: [localhost:5672]
2026-03-10T12:25:33.915+05:30 ERROR 5752 --- [Raft3D] [tContainer#0-35] o.s.a.r.l.SimpleMessageListenerContainer : Failed to check/redeclare auto-delete queue(s).
2026-03-10T12:25:33.915+05:30  INFO 5752 --- [Raft3D] [tContainer#0-35] o.s.a.r.c.CachingConnectionFactory       : Attempting to connect to: [localhost:5672]
2026-03-10T12:25:39.023+05:30  WARN 5752 --- [Raft3D] [tContainer#0-35] o.s.a.r.l.SimpleMessageListenerContainer : Consumer raised exception, processing can restart if the connection factory supports it. Exception summary: org.springframework.amqp.AmqpConnectException: java.net.ConnectException: Connection refused
2026-03-10T12:25:39.024+05:30  INFO 5752 --- [Raft3D] [tContainer#0-35] o.s.a.r.l.SimpleMessageListenerContainer : Restarting Consumer@34ad9216: tags=[[]], channel=null, acknowledgeMode=AUTO local queue size=0
2026-03-10T12:25:39.026+05:30  INFO 5752 --- [Raft3D] [tContainer#0-36] o.s.a.r.c.CachingConnectionFactory       : Attempting to connect to: [localhost:5672]
2026-03-10T12:25:39.027+05:30 ERROR 5752 --- [Raft3D] [tContainer#0-36] o.s.a.r.l.SimpleMessageListenerContainer : Failed to check/redeclare auto-delete queue(s).
2026-03-10T12:25:39.028+05:30  INFO 5752 --- [Raft3D] [tContainer#0-36] o.s.a.r.c.CachingConnectionFactory       : Attempting to connect to: [localhost:5672]
2026-03-10T12:25:44.111+05:30  WARN 5752 --- [Raft3D] [tContainer#0-36] o.s.a.r.l.SimpleMessageListenerContainer : Consumer raised exception, processing can restart if the connection factory supports it. Exception summary: org.springframework.amqp.AmqpConnectException: java.net.ConnectException: Connection refused
2026-03-10T12:25:44.112+05:30  INFO 5752 --- [Raft3D] [tContainer#0-36] o.s.a.r.l.SimpleMessageListenerContainer : Restarting Consumer@133382a0: tags=[[]], channel=null, acknowledgeMode=AUTO local queue size=0
2026-03-10T12:25:44.114+05:30  INFO 5752 --- [Raft3D] [tContainer#0-37] o.s.a.r.c.CachingConnectionFactory       : Attempting to connect to: [localhost:5672]
2026-03-10T12:25:44.115+05:30 ERROR 5752 --- [Raft3D] [tContainer#0-37] o.s.a.r.l.SimpleMessageListenerContainer : Failed to check/redeclare auto-delete queue(s).
2026-03-10T12:25:44.116+05:30  INFO 5752 --- [Raft3D] [tContainer#0-37] o.s.a.r.c.CachingConnectionFactory       : Attempting to connect to: [localhost:5672]
2026-03-10T12:25:49.228+05:30  WARN 5752 --- [Raft3D] [tContainer#0-37] o.s.a.r.l.SimpleMessageListenerContainer : Consumer raised exception, processing can restart if the connection factory supports it. Exception summary: org.springframework.amqp.AmqpConnectException: java.net.ConnectException: Connection refused
2026-03-10T12:25:49.228+05:30  INFO 5752 --- [Raft3D] [tContainer#0-37] o.s.a.r.l.SimpleMessageListenerContainer : Restarting Consumer@f79cadf: tags=[[]], channel=null, acknowledgeMode=AUTO local queue size=0
2026-03-10T12:25:49.230+05:30  INFO 5752 --- [Raft3D] [tContainer#0-38] o.s.a.r.c.CachingConnectionFactory       : Attempting to connect to: [localhost:5672]
2026-03-10T12:25:49.232+05:30 ERROR 5752 --- [Raft3D] [tContainer#0-38] o.s.a.r.l.SimpleMessageListenerContainer : Failed to check/redeclare auto-delete queue(s).
2026-03-10T12:25:49.232+05:30  INFO 5752 --- [Raft3D] [tContainer#0-38] o.s.a.r.c.CachingConnectionFactory       : Attempting to connect to: [localhost:5672]
2026-03-10T12:25:54.320+05:30  WARN 5752 --- [Raft3D] [tContainer#0-38] o.s.a.r.l.SimpleMessageListenerContainer : Consumer raised exception, processing can restart if the connection factory supports it. Exception summary: org.springframework.amqp.AmqpConnectException: java.net.ConnectException: Connection refused
2026-03-10T12:25:54.320+05:30  INFO 5752 --- [Raft3D] [tContainer#0-38] o.s.a.r.l.SimpleMessageListenerContainer : Restarting Consumer@14a01d20: tags=[[]], channel=null, acknowledgeMode=AUTO local queue size=0
2026-03-10T12:25:54.321+05:30  INFO 5752 --- [Raft3D] [tContainer#0-39] o.s.a.r.c.CachingConnectionFactory       : Attempting to connect to: [localhost:5672]
2026-03-10T12:25:54.321+05:30 ERROR 5752 --- [Raft3D] [tContainer#0-39] o.s.a.r.l.SimpleMessageListenerContainer : Failed to check/redeclare auto-delete queue(s).
2026-03-10T12:25:54.321+05:30  INFO 5752 --- [Raft3D] [tContainer#0-39] o.s.a.r.c.CachingConnectionFactory       : Attempting to connect to: [localhost:5672]
2026-03-10T12:25:59.407+05:30  WARN 5752 --- [Raft3D] [tContainer#0-39] o.s.a.r.l.SimpleMessageListenerContainer : Consumer raised exception, processing can restart if the connection factory supports it. Exception summary: org.springframework.amqp.AmqpConnectException: java.net.ConnectException: Connection refused
2026-03-10T12:25:59.408+05:30  INFO 5752 --- [Raft3D] [tContainer#0-39] o.s.a.r.l.SimpleMessageListenerContainer : Restarting Consumer@56915693: tags=[[]], channel=null, acknowledgeMode=AUTO local queue size=0
2026-03-10T12:25:59.410+05:30  INFO 5752 --- [Raft3D] [tContainer#0-40] o.s.a.r.c.CachingConnectionFactory       : Attempting to connect to: [localhost:5672]
2026-03-10T12:25:59.412+05:30 ERROR 5752 --- [Raft3D] [tContainer#0-40] o.s.a.r.l.SimpleMessageListenerContainer : Failed to check/redeclare auto-delete queue(s).
2026-03-10T12:25:59.412+05:30  INFO 5752 --- [Raft3D] [tContainer#0-40] o.s.a.r.c.CachingConnectionFactory       : Attempting to connect to: [localhost:5672]
2026-03-10T12:26:04.481+05:30  WARN 5752 --- [Raft3D] [tContainer#0-40] o.s.a.r.l.SimpleMessageListenerContainer : Consumer raised exception, processing can restart if the connection factory supports it. Exception summary: org.springframework.amqp.AmqpConnectException: java.net.ConnectException: Connection refused
2026-03-10T12:26:04.482+05:30  INFO 5752 --- [Raft3D] [tContainer#0-40] o.s.a.r.l.SimpleMessageListenerContainer : Restarting Consumer@4368ba67: tags=[[]], channel=null, acknowledgeMode=AUTO local queue size=0
2026-03-10T12:26:04.483+05:30  INFO 5752 --- [Raft3D] [tContainer#0-41] o.s.a.r.c.CachingConnectionFactory       : Attempting to connect to: [localhost:5672]
2026-03-10T12:26:04.484+05:30 ERROR 5752 --- [Raft3D] [tContainer#0-41] o.s.a.r.l.SimpleMessageListenerContainer : Failed to check/redeclare auto-delete queue(s).
2026-03-10T12:26:04.485+05:30  INFO 5752 --- [Raft3D] [tContainer#0-41] o.s.a.r.c.CachingConnectionFactory       : Attempting to connect to: [localhost:5672]
2026-03-10T12:26:09.569+05:30  WARN 5752 --- [Raft3D] [tContainer#0-41] o.s.a.r.l.SimpleMessageListenerContainer : Consumer raised exception, processing can restart if the connection factory supports it. Exception summary: org.springframework.amqp.AmqpConnectException: java.net.ConnectException: Connection refused
2026-03-10T12:26:09.569+05:30  INFO 5752 --- [Raft3D] [tContainer#0-41] o.s.a.r.l.SimpleMessageListenerContainer : Restarting Consumer@609f9ddc: tags=[[]], channel=null, acknowledgeMode=AUTO local queue size=0
2026-03-10T12:26:09.571+05:30  INFO 5752 --- [Raft3D] [tContainer#0-42] o.s.a.r.c.CachingConnectionFactory       : Attempting to connect to: [localhost:5672]
2026-03-10T12:26:09.572+05:30 ERROR 5752 --- [Raft3D] [tContainer#0-42] o.s.a.r.l.SimpleMessageListenerContainer : Failed to check/redeclare auto-delete queue(s).
2026-03-10T12:26:09.572+05:30  INFO 5752 --- [Raft3D] [tContainer#0-42] o.s.a.r.c.CachingConnectionFactory       : Attempting to connect to: [localhost:5672]
2026-03-10T12:26:14.656+05:30  WARN 5752 --- [Raft3D] [tContainer#0-42] o.s.a.r.l.SimpleMessageListenerContainer : Consumer raised exception, processing can restart if the connection factory supports it. Exception summary: org.springframework.amqp.AmqpConnectException: java.net.ConnectException: Connection refused
2026-03-10T12:26:14.657+05:30  INFO 5752 --- [Raft3D] [tContainer#0-42] o.s.a.r.l.SimpleMessageListenerContainer : Restarting Consumer@753acee8: tags=[[]], channel=null, acknowledgeMode=AUTO local queue size=0
2026-03-10T12:26:14.659+05:30  INFO 5752 --- [Raft3D] [tContainer#0-43] o.s.a.r.c.CachingConnectionFactory       : Attempting to connect to: [localhost:5672]
2026-03-10T12:26:14.661+05:30 ERROR 5752 --- [Raft3D] [tContainer#0-43] o.s.a.r.l.SimpleMessageListenerContainer : Failed to check/redeclare auto-delete queue(s).
2026-03-10T12:26:14.661+05:30  INFO 5752 --- [Raft3D] [tContainer#0-43] o.s.a.r.c.CachingConnectionFactory       : Attempting to connect to: [localhost:5672]
2026-03-10T12:26:19.743+05:30  WARN 5752 --- [Raft3D] [tContainer#0-43] o.s.a.r.l.SimpleMessageListenerContainer : Consumer raised exception, processing can restart if the connection factory supports it. Exception summary: org.springframework.amqp.AmqpConnectException: java.net.ConnectException: Connection refused
2026-03-10T12:26:19.743+05:30  INFO 5752 --- [Raft3D] [tContainer#0-43] o.s.a.r.l.SimpleMessageListenerContainer : Restarting Consumer@25a3f143: tags=[[]], channel=null, acknowledgeMode=AUTO local queue size=0
2026-03-10T12:26:19.747+05:30  INFO 5752 --- [Raft3D] [tContainer#0-44] o.s.a.r.c.CachingConnectionFactory       : Attempting to connect to: [localhost:5672]
2026-03-10T12:26:19.748+05:30 ERROR 5752 --- [Raft3D] [tContainer#0-44] o.s.a.r.l.SimpleMessageListenerContainer : Failed to check/redeclare auto-delete queue(s).
2026-03-10T12:26:19.748+05:30  INFO 5752 --- [Raft3D] [tContainer#0-44] o.s.a.r.c.CachingConnectionFactory       : Attempting to connect to: [localhost:5672]
2026-03-10T12:26:24.836+05:30  WARN 5752 --- [Raft3D] [tContainer#0-44] o.s.a.r.l.SimpleMessageListenerContainer : Consumer raised exception, processing can restart if the connection factory supports it. Exception summary: org.springframework.amqp.AmqpConnectException: java.net.ConnectException: Connection refused
2026-03-10T12:26:24.837+05:30  INFO 5752 --- [Raft3D] [tContainer#0-44] o.s.a.r.l.SimpleMessageListenerContainer : Restarting Consumer@23412d63: tags=[[]], channel=null, acknowledgeMode=AUTO local queue size=0
2026-03-10T12:26:24.839+05:30  INFO 5752 --- [Raft3D] [tContainer#0-45] o.s.a.r.c.CachingConnectionFactory       : Attempting to connect to: [localhost:5672]
2026-03-10T12:26:24.840+05:30 ERROR 5752 --- [Raft3D] [tContainer#0-45] o.s.a.r.l.SimpleMessageListenerContainer : Failed to check/redeclare auto-delete queue(s).
2026-03-10T12:26:24.840+05:30  INFO 5752 --- [Raft3D] [tContainer#0-45] o.s.a.r.c.CachingConnectionFactory       : Attempting to connect to: [localhost:5672]
2026-03-10T12:26:29.913+05:30  WARN 5752 --- [Raft3D] [tContainer#0-45] o.s.a.r.l.SimpleMessageListenerContainer : Consumer raised exception, processing can restart if the connection factory supports it. Exception summary: org.springframework.amqp.AmqpConnectException: java.net.ConnectException: Connection refused
2026-03-10T12:26:29.914+05:30  INFO 5752 --- [Raft3D] [tContainer#0-45] o.s.a.r.l.SimpleMessageListenerContainer : Restarting Consumer@50e18392: tags=[[]], channel=null, acknowledgeMode=AUTO local queue size=0
2026-03-10T12:26:29.916+05:30  INFO 5752 --- [Raft3D] [tContainer#0-46] o.s.a.r.c.CachingConnectionFactory       : Attempting to connect to: [localhost:5672]
2026-03-10T12:26:29.917+05:30 ERROR 5752 --- [Raft3D] [tContainer#0-46] o.s.a.r.l.SimpleMessageListenerContainer : Failed to check/redeclare auto-delete queue(s).
2026-03-10T12:26:29.917+05:30  INFO 5752 --- [Raft3D] [tContainer#0-46] o.s.a.r.c.CachingConnectionFactory       : Attempting to connect to: [localhost:5672]
2026-03-10T12:26:35.004+05:30  WARN 5752 --- [Raft3D] [tContainer#0-46] o.s.a.r.l.SimpleMessageListenerContainer : Consumer raised exception, processing can restart if the connection factory supports it. Exception summary: org.springframework.amqp.AmqpConnectException: java.net.ConnectException: Connection refused
2026-03-10T12:26:35.004+05:30  INFO 5752 --- [Raft3D] [tContainer#0-46] o.s.a.r.l.SimpleMessageListenerContainer : Restarting Consumer@1907a04b: tags=[[]], channel=null, acknowledgeMode=AUTO local queue size=0
2026-03-10T12:26:35.006+05:30  INFO 5752 --- [Raft3D] [tContainer#0-47] o.s.a.r.c.CachingConnectionFactory       : Attempting to connect to: [localhost:5672]
2026-03-10T12:26:35.008+05:30 ERROR 5752 --- [Raft3D] [tContainer#0-47] o.s.a.r.l.SimpleMessageListenerContainer : Failed to check/redeclare auto-delete queue(s).
2026-03-10T12:26:35.008+05:30  INFO 5752 --- [Raft3D] [tContainer#0-47] o.s.a.r.c.CachingConnectionFactory       : Attempting to connect to: [localhost:5672]
2026-03-10T12:26:40.099+05:30  WARN 5752 --- [Raft3D] [tContainer#0-47] o.s.a.r.l.SimpleMessageListenerContainer : Consumer raised exception, processing can restart if the connection factory supports it. Exception summary: org.springframework.amqp.AmqpConnectException: java.net.ConnectException: Connection refused
2026-03-10T12:26:40.100+05:30  INFO 5752 --- [Raft3D] [tContainer#0-47] o.s.a.r.l.SimpleMessageListenerContainer : Restarting Consumer@5306937c: tags=[[]], channel=null, acknowledgeMode=AUTO local queue size=0
2026-03-10T12:26:40.102+05:30  INFO 5752 --- [Raft3D] [tContainer#0-48] o.s.a.r.c.CachingConnectionFactory       : Attempting to connect to: [localhost:5672]
2026-03-10T12:26:40.103+05:30 ERROR 5752 --- [Raft3D] [tContainer#0-48] o.s.a.r.l.SimpleMessageListenerContainer : Failed to check/redeclare auto-delete queue(s).
2026-03-10T12:26:40.104+05:30  INFO 5752 --- [Raft3D] [tContainer#0-48] o.s.a.r.c.CachingConnectionFactory       : Attempting to connect to: [localhost:5672]
2026-03-10T12:26:45.186+05:30  WARN 5752 --- [Raft3D] [tContainer#0-48] o.s.a.r.l.SimpleMessageListenerContainer : Consumer raised exception, processing can restart if the connection factory supports it. Exception summary: org.springframework.amqp.AmqpConnectException: java.net.ConnectException: Connection refused
2026-03-10T12:26:45.186+05:30  INFO 5752 --- [Raft3D] [tContainer#0-48] o.s.a.r.l.SimpleMessageListenerContainer : Restarting Consumer@40bcbd7d: tags=[[]], channel=null, acknowledgeMode=AUTO local queue size=0
2026-03-10T12:26:45.187+05:30  INFO 5752 --- [Raft3D] [tContainer#0-49] o.s.a.r.c.CachingConnectionFactory       : Attempting to connect to: [localhost:5672]
2026-03-10T12:26:45.189+05:30 ERROR 5752 --- [Raft3D] [tContainer#0-49] o.s.a.r.l.SimpleMessageListenerContainer : Failed to check/redeclare auto-delete queue(s).
2026-03-10T12:26:45.189+05:30  INFO 5752 --- [Raft3D] [tContainer#0-49] o.s.a.r.c.CachingConnectionFactory       : Attempting to connect to: [localhost:5672]
2026-03-10T12:26:50.269+05:30  WARN 5752 --- [Raft3D] [tContainer#0-49] o.s.a.r.l.SimpleMessageListenerContainer : Consumer raised exception, processing can restart if the connection factory supports it. Exception summary: org.springframework.amqp.AmqpConnectException: java.net.ConnectException: Connection refused
2026-03-10T12:26:50.269+05:30  INFO 5752 --- [Raft3D] [tContainer#0-49] o.s.a.r.l.SimpleMessageListenerContainer : Restarting Consumer@7fc45d58: tags=[[]], channel=null, acknowledgeMode=AUTO local queue size=0
2026-03-10T12:26:50.271+05:30  INFO 5752 --- [Raft3D] [tContainer#0-50] o.s.a.r.c.CachingConnectionFactory       : Attempting to connect to: [localhost:5672]
2026-03-10T12:26:50.272+05:30 ERROR 5752 --- [Raft3D] [tContainer#0-50] o.s.a.r.l.SimpleMessageListenerContainer : Failed to check/redeclare auto-delete queue(s).
2026-03-10T12:26:50.272+05:30  INFO 5752 --- [Raft3D] [tContainer#0-50] o.s.a.r.c.CachingConnectionFactory       : Attempting to connect to: [localhost:5672]
2026-03-10T12:26:55.375+05:30  WARN 5752 --- [Raft3D] [tContainer#0-50] o.s.a.r.l.SimpleMessageListenerContainer : Consumer raised exception, processing can restart if the connection factory supports it. Exception summary: org.springframework.amqp.AmqpConnectException: java.net.ConnectException: Connection refused
2026-03-10T12:26:55.377+05:30  INFO 5752 --- [Raft3D] [tContainer#0-50] o.s.a.r.l.SimpleMessageListenerContainer : Restarting Consumer@50fcf601: tags=[[]], channel=null, acknowledgeMode=AUTO local queue size=0
2026-03-10T12:26:55.379+05:30  INFO 5752 --- [Raft3D] [tContainer#0-51] o.s.a.r.c.CachingConnectionFactory       : Attempting to connect to: [localhost:5672]
2026-03-10T12:26:55.380+05:30 ERROR 5752 --- [Raft3D] [tContainer#0-51] o.s.a.r.l.SimpleMessageListenerContainer : Failed to check/redeclare auto-delete queue(s).
2026-03-10T12:26:55.380+05:30  INFO 5752 --- [Raft3D] [tContainer#0-51] o.s.a.r.c.CachingConnectionFactory       : Attempting to connect to: [localhost:5672]
2026-03-10T12:27:00.471+05:30  WARN 5752 --- [Raft3D] [tContainer#0-51] o.s.a.r.l.SimpleMessageListenerContainer : Consumer raised exception, processing can restart if the connection factory supports it. Exception summary: org.springframework.amqp.AmqpConnectException: java.net.ConnectException: Connection refused
2026-03-10T12:27:00.472+05:30  INFO 5752 --- [Raft3D] [tContainer#0-51] o.s.a.r.l.SimpleMessageListenerContainer : Restarting Consumer@63816293: tags=[[]], channel=null, acknowledgeMode=AUTO local queue size=0
2026-03-10T12:27:00.474+05:30  INFO 5752 --- [Raft3D] [tContainer#0-52] o.s.a.r.c.CachingConnectionFactory       : Attempting to connect to: [localhost:5672]
2026-03-10T12:27:00.475+05:30 ERROR 5752 --- [Raft3D] [tContainer#0-52] o.s.a.r.l.SimpleMessageListenerContainer : Failed to check/redeclare auto-delete queue(s).
2026-03-10T12:27:00.475+05:30  INFO 5752 --- [Raft3D] [tContainer#0-52] o.s.a.r.c.CachingConnectionFactory       : Attempting to connect to: [localhost:5672]
2026-03-10T12:27:05.567+05:30  WARN 5752 --- [Raft3D] [tContainer#0-52] o.s.a.r.l.SimpleMessageListenerContainer : Consumer raised exception, processing can restart if the connection factory supports it. Exception summary: org.springframework.amqp.AmqpConnectException: java.net.ConnectException: Connection refused
2026-03-10T12:27:05.568+05:30  INFO 5752 --- [Raft3D] [tContainer#0-52] o.s.a.r.l.SimpleMessageListenerContainer : Restarting Consumer@2d6622bd: tags=[[]], channel=null, acknowledgeMode=AUTO local queue size=0
2026-03-10T12:27:05.569+05:30  INFO 5752 --- [Raft3D] [tContainer#0-53] o.s.a.r.c.CachingConnectionFactory       : Attempting to connect to: [localhost:5672]
2026-03-10T12:27:05.571+05:30 ERROR 5752 --- [Raft3D] [tContainer#0-53] o.s.a.r.l.SimpleMessageListenerContainer : Failed to check/redeclare auto-delete queue(s).
2026-03-10T12:27:05.571+05:30  INFO 5752 --- [Raft3D] [tContainer#0-53] o.s.a.r.c.CachingConnectionFactory       : Attempting to connect to: [localhost:5672]
2026-03-10T12:27:10.662+05:30  WARN 5752 --- [Raft3D] [tContainer#0-53] o.s.a.r.l.SimpleMessageListenerContainer : Consumer raised exception, processing can restart if the connection factory supports it. Exception summary: org.springframework.amqp.AmqpConnectException: java.net.ConnectException: Connection refused
2026-03-10T12:27:10.663+05:30  INFO 5752 --- [Raft3D] [tContainer#0-53] o.s.a.r.l.SimpleMessageListenerContainer : Restarting Consumer@7bd273b9: tags=[[]], channel=null, acknowledgeMode=AUTO local queue size=0
2026-03-10T12:27:10.665+05:30  INFO 5752 --- [Raft3D] [tContainer#0-54] o.s.a.r.c.CachingConnectionFactory       : Attempting to connect to: [localhost:5672]
2026-03-10T12:27:10.666+05:30 ERROR 5752 --- [Raft3D] [tContainer#0-54] o.s.a.r.l.SimpleMessageListenerContainer : Failed to check/redeclare auto-delete queue(s).
2026-03-10T12:27:10.666+05:30  INFO 5752 --- [Raft3D] [tContainer#0-54] o.s.a.r.c.CachingConnectionFactory       : Attempting to connect to: [localhost:5672]
2026-03-10T12:27:15.753+05:30  WARN 5752 --- [Raft3D] [tContainer#0-54] o.s.a.r.l.SimpleMessageListenerContainer : Consumer raised exception, processing can restart if the connection factory supports it. Exception summary: org.springframework.amqp.AmqpConnectException: java.net.ConnectException: Connection refused
2026-03-10T12:27:15.753+05:30  INFO 5752 --- [Raft3D] [tContainer#0-54] o.s.a.r.l.SimpleMessageListenerContainer : Restarting Consumer@35ea9c6c: tags=[[]], channel=null, acknowledgeMode=AUTO local queue size=0
2026-03-10T12:27:15.755+05:30  INFO 5752 --- [Raft3D] [tContainer#0-55] o.s.a.r.c.CachingConnectionFactory       : Attempting to connect to: [localhost:5672]
2026-03-10T12:27:15.757+05:30 ERROR 5752 --- [Raft3D] [tContainer#0-55] o.s.a.r.l.SimpleMessageListenerContainer : Failed to check/redeclare auto-delete queue(s).
2026-03-10T12:27:15.757+05:30  INFO 5752 --- [Raft3D] [tContainer#0-55] o.s.a.r.c.CachingConnectionFactory       : Attempting to connect to: [localhost:5672]
2026-03-10T12:27:20.847+05:30  WARN 5752 --- [Raft3D] [tContainer#0-55] o.s.a.r.l.SimpleMessageListenerContainer : Consumer raised exception, processing can restart if the connection factory supports it. Exception summary: org.springframework.amqp.AmqpConnectException: java.net.ConnectException: Connection refused
2026-03-10T12:27:20.848+05:30  INFO 5752 --- [Raft3D] [tContainer#0-55] o.s.a.r.l.SimpleMessageListenerContainer : Restarting Consumer@3bc1b535: tags=[[]], channel=null, acknowledgeMode=AUTO local queue size=0
2026-03-10T12:27:20.849+05:30  INFO 5752 --- [Raft3D] [tContainer#0-56] o.s.a.r.c.CachingConnectionFactory       : Attempting to connect to: [localhost:5672]
2026-03-10T12:27:20.850+05:30 ERROR 5752 --- [Raft3D] [tContainer#0-56] o.s.a.r.l.SimpleMessageListenerContainer : Failed to check/redeclare auto-delete queue(s).
2026-03-10T12:27:20.850+05:30  INFO 5752 --- [Raft3D] [tContainer#0-56] o.s.a.r.c.CachingConnectionFactory       : Attempting to connect to: [localhost:5672]
2026-03-10T12:27:25.940+05:30  WARN 5752 --- [Raft3D] [tContainer#0-56] o.s.a.r.l.SimpleMessageListenerContainer : Consumer raised exception, processing can restart if the connection factory supports it. Exception summary: org.springframework.amqp.AmqpConnectException: java.net.ConnectException: Connection refused
2026-03-10T12:27:25.941+05:30  INFO 5752 --- [Raft3D] [tContainer#0-56] o.s.a.r.l.SimpleMessageListenerContainer : Restarting Consumer@7221edc5: tags=[[]], channel=null, acknowledgeMode=AUTO local queue size=0
2026-03-10T12:27:25.943+05:30  INFO 5752 --- [Raft3D] [tContainer#0-57] o.s.a.r.c.CachingConnectionFactory       : Attempting to connect to: [localhost:5672]
2026-03-10T12:27:25.944+05:30 ERROR 5752 --- [Raft3D] [tContainer#0-57] o.s.a.r.l.SimpleMessageListenerContainer : Failed to check/redeclare auto-delete queue(s).
2026-03-10T12:27:25.944+05:30  INFO 5752 --- [Raft3D] [tContainer#0-57] o.s.a.r.c.CachingConnectionFactory       : Attempting to connect to: [localhost:5672]
2026-03-10T12:27:31.046+05:30  WARN 5752 --- [Raft3D] [tContainer#0-57] o.s.a.r.l.SimpleMessageListenerContainer : Consumer raised exception, processing can restart if the connection factory supports it. Exception summary: org.springframework.amqp.AmqpConnectException: java.net.ConnectException: Connection refused
2026-03-10T12:27:31.047+05:30  INFO 5752 --- [Raft3D] [tContainer#0-57] o.s.a.r.l.SimpleMessageListenerContainer : Restarting Consumer@7efce5f3: tags=[[]], channel=null, acknowledgeMode=AUTO local queue size=0
2026-03-10T12:27:31.049+05:30  INFO 5752 --- [Raft3D] [tContainer#0-58] o.s.a.r.c.CachingConnectionFactory       : Attempting to connect to: [localhost:5672]
2026-03-10T12:27:31.050+05:30 ERROR 5752 --- [Raft3D] [tContainer#0-58] o.s.a.r.l.SimpleMessageListenerContainer : Failed to check/redeclare auto-delete queue(s).
2026-03-10T12:27:31.050+05:30  INFO 5752 --- [Raft3D] [tContainer#0-58] o.s.a.r.c.CachingConnectionFactory       : Attempting to connect to: [localhost:5672]
2026-03-10T12:27:36.136+05:30  WARN 5752 --- [Raft3D] [tContainer#0-58] o.s.a.r.l.SimpleMessageListenerContainer : Consumer raised exception, processing can restart if the connection factory supports it. Exception summary: org.springframework.amqp.AmqpConnectException: java.net.ConnectException: Connection refused
2026-03-10T12:27:36.136+05:30  INFO 5752 --- [Raft3D] [tContainer#0-58] o.s.a.r.l.SimpleMessageListenerContainer : Restarting Consumer@3da5eb09: tags=[[]], channel=null, acknowledgeMode=AUTO local queue size=0
2026-03-10T12:27:36.138+05:30  INFO 5752 --- [Raft3D] [tContainer#0-59] o.s.a.r.c.CachingConnectionFactory       : Attempting to connect to: [localhost:5672]
2026-03-10T12:27:36.139+05:30 ERROR 5752 --- [Raft3D] [tContainer#0-59] o.s.a.r.l.SimpleMessageListenerContainer : Failed to check/redeclare auto-delete queue(s).
2026-03-10T12:27:36.139+05:30  INFO 5752 --- [Raft3D] [tContainer#0-59] o.s.a.r.c.CachingConnectionFactory       : Attempting to connect to: [localhost:5672]
2026-03-10T12:27:41.218+05:30  WARN 5752 --- [Raft3D] [tContainer#0-59] o.s.a.r.l.SimpleMessageListenerContainer : Consumer raised exception, processing can restart if the connection factory supports it. Exception summary: org.springframework.amqp.AmqpConnectException: java.net.ConnectException: Connection refused
2026-03-10T12:27:41.218+05:30  INFO 5752 --- [Raft3D] [tContainer#0-59] o.s.a.r.l.SimpleMessageListenerContainer : Restarting Consumer@5f5e0c71: tags=[[]], channel=null, acknowledgeMode=AUTO local queue size=0
2026-03-10T12:27:41.219+05:30  INFO 5752 --- [Raft3D] [tContainer#0-60] o.s.a.r.c.CachingConnectionFactory       : Attempting to connect to: [localhost:5672]
2026-03-10T12:27:41.219+05:30 ERROR 5752 --- [Raft3D] [tContainer#0-60] o.s.a.r.l.SimpleMessageListenerContainer : Failed to check/redeclare auto-delete queue(s).
2026-03-10T12:27:41.219+05:30  INFO 5752 --- [Raft3D] [tContainer#0-60] o.s.a.r.c.CachingConnectionFactory       : Attempting to connect to: [localhost:5672]
2026-03-10T12:27:46.320+05:30  WARN 5752 --- [Raft3D] [tContainer#0-60] o.s.a.r.l.SimpleMessageListenerContainer : Consumer raised exception, processing can restart if the connection factory supports it. Exception summary: org.springframework.amqp.AmqpConnectException: java.net.ConnectException: Connection refused
2026-03-10T12:27:46.320+05:30  INFO 5752 --- [Raft3D] [tContainer#0-60] o.s.a.r.l.SimpleMessageListenerContainer : Restarting Consumer@782d886d: tags=[[]], channel=null, acknowledgeMode=AUTO local queue size=0
2026-03-10T12:27:46.321+05:30  INFO 5752 --- [Raft3D] [tContainer#0-61] o.s.a.r.c.CachingConnectionFactory       : Attempting to connect to: [localhost:5672]
2026-03-10T12:27:46.321+05:30 ERROR 5752 --- [Raft3D] [tContainer#0-61] o.s.a.r.l.SimpleMessageListenerContainer : Failed to check/redeclare auto-delete queue(s).
2026-03-10T12:27:46.321+05:30  INFO 5752 --- [Raft3D] [tContainer#0-61] o.s.a.r.c.CachingConnectionFactory       : Attempting to connect to: [localhost:5672]
2026-03-10T12:27:51.412+05:30  WARN 5752 --- [Raft3D] [tContainer#0-61] o.s.a.r.l.SimpleMessageListenerContainer : Consumer raised exception, processing can restart if the connection factory supports it. Exception summary: org.springframework.amqp.AmqpConnectException: java.net.ConnectException: Connection refused
2026-03-10T12:27:51.412+05:30  INFO 5752 --- [Raft3D] [tContainer#0-61] o.s.a.r.l.SimpleMessageListenerContainer : Restarting Consumer@20afc636: tags=[[]], channel=null, acknowledgeMode=AUTO local queue size=0
2026-03-10T12:27:51.413+05:30  INFO 5752 --- [Raft3D] [tContainer#0-62] o.s.a.r.c.CachingConnectionFactory       : Attempting to connect to: [localhost:5672]
2026-03-10T12:27:51.414+05:30 ERROR 5752 --- [Raft3D] [tContainer#0-62] o.s.a.r.l.SimpleMessageListenerContainer : Failed to check/redeclare auto-delete queue(s).
2026-03-10T12:27:51.415+05:30  INFO 5752 --- [Raft3D] [tContainer#0-62] o.s.a.r.c.CachingConnectionFactory       : Attempting to connect to: [localhost:5672]
2026-03-10T12:27:56.491+05:30  WARN 5752 --- [Raft3D] [tContainer#0-62] o.s.a.r.l.SimpleMessageListenerContainer : Consumer raised exception, processing can restart if the connection factory supports it. Exception summary: org.springframework.amqp.AmqpConnectException: java.net.ConnectException: Connection refused
2026-03-10T12:27:56.492+05:30  INFO 5752 --- [Raft3D] [tContainer#0-62] o.s.a.r.l.SimpleMessageListenerContainer : Restarting Consumer@67944611: tags=[[]], channel=null, acknowledgeMode=AUTO local queue size=0
2026-03-10T12:27:56.492+05:30  INFO 5752 --- [Raft3D] [tContainer#0-63] o.s.a.r.c.CachingConnectionFactory       : Attempting to connect to: [localhost:5672]
2026-03-10T12:27:56.492+05:30 ERROR 5752 --- [Raft3D] [tContainer#0-63] o.s.a.r.l.SimpleMessageListenerContainer : Failed to check/redeclare auto-delete queue(s).
2026-03-10T12:27:56.492+05:30  INFO 5752 --- [Raft3D] [tContainer#0-63] o.s.a.r.c.CachingConnectionFactory       : Attempting to connect to: [localhost:5672]
2026-03-10T12:28:01.569+05:30  WARN 5752 --- [Raft3D] [tContainer#0-63] o.s.a.r.l.SimpleMessageListenerContainer : Consumer raised exception, processing can restart if the connection factory supports it. Exception summary: org.springframework.amqp.AmqpConnectException: java.net.ConnectException: Connection refused
2026-03-10T12:28:01.569+05:30  INFO 5752 --- [Raft3D] [tContainer#0-63] o.s.a.r.l.SimpleMessageListenerContainer : Restarting Consumer@4ee53b0f: tags=[[]], channel=null, acknowledgeMode=AUTO local queue size=0
2026-03-10T12:28:01.570+05:30  INFO 5752 --- [Raft3D] [tContainer#0-64] o.s.a.r.c.CachingConnectionFactory       : Attempting to connect to: [localhost:5672]
2026-03-10T12:28:01.579+05:30  WARN 5752 --- [Raft3D] [ 127.0.0.1:5672] c.r.c.impl.ForgivingExceptionHandler     : An unexpected connection driver error occurred (Exception message: Connection reset)
2026-03-10T12:28:01.581+05:30  WARN 5752 --- [Raft3D] [:0:0:0:0:1:5672] c.r.c.impl.ForgivingExceptionHandler     : An unexpected connection driver error occurred (Exception message: Connection reset)
2026-03-10T12:28:01.581+05:30 ERROR 5752 --- [Raft3D] [tContainer#0-64] o.s.a.r.l.SimpleMessageListenerContainer : Failed to check/redeclare auto-delete queue(s).
2026-03-10T12:28:01.581+05:30  INFO 5752 --- [Raft3D] [tContainer#0-64] o.s.a.r.c.CachingConnectionFactory       : Attempting to connect to: [localhost:5672]
2026-03-10T12:28:01.581+05:30  WARN 5752 --- [Raft3D] [ 127.0.0.1:5672] c.r.c.impl.ForgivingExceptionHandler     : An unexpected connection driver error occurred (Exception message: Connection reset)
2026-03-10T12:28:01.581+05:30  WARN 5752 --- [Raft3D] [:0:0:0:0:1:5672] c.r.c.impl.ForgivingExceptionHandler     : An unexpected connection driver error occurred (Exception message: Connection reset)
2026-03-10T12:28:06.644+05:30  WARN 5752 --- [Raft3D] [tContainer#0-64] o.s.a.r.l.SimpleMessageListenerContainer : Consumer raised exception, processing can restart if the connection factory supports it

org.springframework.amqp.AmqpIOException: java.io.IOException
	at org.springframework.amqp.rabbit.support.RabbitExceptionTranslator.convertRabbitAccessException(RabbitExceptionTranslator.java:69) ~[spring-rabbit-4.0.2.jar:4.0.2]
	at org.springframework.amqp.rabbit.connection.AbstractConnectionFactory.createBareConnection(AbstractConnectionFactory.java:629) ~[spring-rabbit-4.0.2.jar:4.0.2]
	at org.springframework.amqp.rabbit.connection.CachingConnectionFactory.createConnection(CachingConnectionFactory.java:745) ~[spring-rabbit-4.0.2.jar:4.0.2]
	at org.springframework.amqp.rabbit.connection.ConnectionFactoryUtils.createConnection(ConnectionFactoryUtils.java:256) ~[spring-rabbit-4.0.2.jar:4.0.2]
	at org.springframework.amqp.rabbit.connection.ConnectionFactoryUtils$RabbitResourceFactory.createConnection(ConnectionFactoryUtils.java:330) ~[spring-rabbit-4.0.2.jar:4.0.2]
	at org.springframework.amqp.rabbit.connection.ConnectionFactoryUtils.doGetTransactionalResourceHolder(ConnectionFactoryUtils.java:139) ~[spring-rabbit-4.0.2.jar:4.0.2]
	at org.springframework.amqp.rabbit.connection.ConnectionFactoryUtils.getTransactionalResourceHolder(ConnectionFactoryUtils.java:100) ~[spring-rabbit-4.0.2.jar:4.0.2]
	at org.springframework.amqp.rabbit.connection.ConnectionFactoryUtils.getTransactionalResourceHolder(ConnectionFactoryUtils.java:83) ~[spring-rabbit-4.0.2.jar:4.0.2]
	at org.springframework.amqp.rabbit.listener.BlockingQueueConsumer.start(BlockingQueueConsumer.java:631) ~[spring-rabbit-4.0.2.jar:4.0.2]
	at org.springframework.amqp.rabbit.listener.SimpleMessageListenerContainer$AsyncMessageProcessingConsumer.initialize(SimpleMessageListenerContainer.java:1524) ~[spring-rabbit-4.0.2.jar:4.0.2]
	at org.springframework.amqp.rabbit.listener.SimpleMessageListenerContainer$AsyncMessageProcessingConsumer.run(SimpleMessageListenerContainer.java:1356) ~[spring-rabbit-4.0.2.jar:4.0.2]
	at java.base/java.lang.Thread.run(Thread.java:1583) ~[na:na]
Caused by: java.io.IOException
	at com.rabbitmq.client.impl.AMQChannel.wrap(AMQChannel.java:140) ~[amqp-client-5.27.1.jar:5.27.1]
	at com.rabbitmq.client.impl.AMQChannel.wrap(AMQChannel.java:136) ~[amqp-client-5.27.1.jar:5.27.1]
	at com.rabbitmq.client.impl.AMQConnection.start(AMQConnection.java:414) ~[amqp-client-5.27.1.jar:5.27.1]
	at com.rabbitmq.client.ConnectionFactory.newConnection(ConnectionFactory.java:1357) ~[amqp-client-5.27.1.jar:5.27.1]
	at com.rabbitmq.client.ConnectionFactory.newConnection(ConnectionFactory.java:1297) ~[amqp-client-5.27.1.jar:5.27.1]
	at org.springframework.amqp.rabbit.connection.AbstractConnectionFactory.connectAddresses(AbstractConnectionFactory.java:676) ~[spring-rabbit-4.0.2.jar:4.0.2]
	at org.springframework.amqp.rabbit.connection.AbstractConnectionFactory.connect(AbstractConnectionFactory.java:644) ~[spring-rabbit-4.0.2.jar:4.0.2]
	at org.springframework.amqp.rabbit.connection.AbstractConnectionFactory.createBareConnection(AbstractConnectionFactory.java:590) ~[spring-rabbit-4.0.2.jar:4.0.2]
	... 10 common frames omitted
Caused by: com.rabbitmq.client.ShutdownSignalException: connection error
	at com.rabbitmq.utility.ValueOrException.getValue(ValueOrException.java:66) ~[amqp-client-5.27.1.jar:5.27.1]
	at com.rabbitmq.utility.BlockingValueOrException.uninterruptibleGetValue(BlockingValueOrException.java:36) ~[amqp-client-5.27.1.jar:5.27.1]
	at com.rabbitmq.client.impl.AMQChannel$BlockingRpcContinuation.getReply(AMQChannel.java:552) ~[amqp-client-5.27.1.jar:5.27.1]
	at com.rabbitmq.client.impl.AMQConnection.start(AMQConnection.java:341) ~[amqp-client-5.27.1.jar:5.27.1]
	... 15 common frames omitted
Caused by: java.net.SocketException: Connection reset
	at java.base/sun.nio.ch.NioSocketImpl.implRead(NioSocketImpl.java:318) ~[na:na]
	at java.base/sun.nio.ch.NioSocketImpl.read(NioSocketImpl.java:346) ~[na:na]
	at java.base/sun.nio.ch.NioSocketImpl$1.read(NioSocketImpl.java:796) ~[na:na]
	at java.base/java.net.Socket$SocketInputStream.read(Socket.java:1099) ~[na:na]
	at java.base/java.io.BufferedInputStream.fill(BufferedInputStream.java:291) ~[na:na]
	at java.base/java.io.BufferedInputStream.implRead(BufferedInputStream.java:325) ~[na:na]
	at java.base/java.io.BufferedInputStream.read(BufferedInputStream.java:312) ~[na:na]
	at java.base/java.io.DataInputStream.readUnsignedByte(DataInputStream.java:295) ~[na:na]
	at com.rabbitmq.client.impl.Frame.readFrom(Frame.java:92) ~[amqp-client-5.27.1.jar:5.27.1]
	at com.rabbitmq.client.impl.SocketFrameHandler.readFrame(SocketFrameHandler.java:199) ~[amqp-client-5.27.1.jar:5.27.1]
	at com.rabbitmq.client.impl.AMQConnection$MainLoop.run(AMQConnection.java:694) ~[amqp-client-5.27.1.jar:5.27.1]
	... 1 common frames omitted

2026-03-10T12:28:06.646+05:30  INFO 5752 --- [Raft3D] [tContainer#0-64] o.s.a.r.l.SimpleMessageListenerContainer : Restarting Consumer@1557981: tags=[[]], channel=null, acknowledgeMode=AUTO local queue size=0
2026-03-10T12:28:06.647+05:30  INFO 5752 --- [Raft3D] [tContainer#0-65] o.s.a.r.c.CachingConnectionFactory       : Attempting to connect to: [localhost:5672]
2026-03-10T12:28:06.676+05:30  INFO 5752 --- [Raft3D] [tContainer#0-65] o.s.a.r.c.CachingConnectionFactory       : Created new connection: rabbitConnectionFactory#388c519:130/SimpleConnection@7d928925 [delegate=amqp://guest@127.0.0.1:5672/, localPort=50717]
2026-03-10T12:28:06.680+05:30  INFO 5752 --- [Raft3D] [tContainer#0-65] o.s.amqp.rabbit.core.RabbitAdmin         : Auto-declaring a non-durable, auto-delete, or exclusive Queue (spring.gen-mAhGvf1WSD27pxcS7tXixQ) durable:false, auto-delete:true, exclusive:true. It will be redeclared if the broker stops and is restarted while the connection factory is alive, but all messages will be lost.
[INFO] ------------------------------------------------------------------------
[INFO] BUILD FAILURE
[INFO] ------------------------------------------------------------------------
[INFO] Total time:  15:10 min
[INFO] Finished at: 2026-03-10T12:37:48+05:30
[INFO] ------------------------------------------------------------------------
[ERROR] Failed to execute goal org.springframework.boot:spring-boot-maven-plugin:4.0.3:run (default-cli) on project demo: Process terminated with exit code: 137 -> [Help 1]
[ERROR] 
[ERROR] To see the full stack trace of the errors, re-run Maven with the -e switch.
[ERROR] Re-run Maven using the -X switch to enable full debug logging.
[ERROR] 
[ERROR] For more information about the errors and possible solutions, please read the following articles:
[ERROR] [Help 1] http://cwiki.apache.org/confluence/display/MAVEN/MojoExecutionException
